2014-12-28 12:53:42,417 [main] INFO  org.jacademie.projet1.Main - Welcome to MUSIC App !!!!!!!!!!!!!! 

2014-12-28 12:53:42,422 [main] INFO  org.jacademie.projet1.utils.FileUtils - In findFileInRepoWithGoodExtension ....
2014-12-28 12:53:42,520 [main] INFO  org.jacademie.projet1.utils.FileUtils - File found : /Users/rbo/Java-Acad-MidProject/music/fichier1.music
2014-12-28 12:53:42,521 [main] INFO  org.jacademie.projet1.utils.FileUtils - File found : /Users/rbo/Java-Acad-MidProject/music/fichier3.music
2014-12-28 12:53:42,522 [main] INFO  org.jacademie.projet1.utils.FileUtils - Bye findFileInRepoWithGoodExtension 

2014-12-28 12:53:42,523 [main] INFO  org.jacademie.projet1.utils.FileUtils - In isGoodFile function ......
2014-12-28 12:53:42,532 [main] INFO  org.jacademie.projet1.utils.FileUtils - Files to be treated : [/Users/rbo/Java-Acad-MidProject/music/fichier1.music]
2014-12-28 12:53:42,532 [main] INFO  org.jacademie.projet1.utils.FileUtils - Goodbye from isGoodFile function ! 

2014-12-28 12:53:44,728 [main] INFO  org.jacademie.projet1.dao.ArtisteDao - Finding Artiste with id : 1...
2014-12-28 12:53:45,025 [main] INFO  org.jacademie.projet1.dao.ArtisteDao - Artiste found : Artiste [idArtiste=1, nom=2Pac, albums=[Album [idAlbum=2, nom=Thug Life, chansons=[Chanson [idChanson=6, titre=Bury Me a G, dureeChanson=4], Chanson [idChanson=5, titre=Stay True, dureeChanson=3], Chanson [idChanson=7, titre=Under Pressure, dureeChanson=4]]], Album [idAlbum=1, nom=Me Against the World, chansons=[Chanson [idChanson=1, titre=Ambitionz az a Ridah, dureeChanson=4], Chanson [idChanson=3, titre=Skandalouz, dureeChanson=4], Chanson [idChanson=2, titre=All Bout U, dureeChanson=4], Chanson [idChanson=4, titre=No More Pain, dureeChanson=6]]]]]

2014-12-28 12:53:45,026 [main] INFO  org.jacademie.projet1.dao.AlbumDao - Finding album with id : 1...
2014-12-28 12:53:45,081 [main] INFO  org.jacademie.projet1.dao.AlbumDao - Album found : Album [idAlbum=1, nom=Me Against the World, chansons=[Chanson [idChanson=1, titre=Ambitionz az a Ridah, dureeChanson=4], Chanson [idChanson=2, titre=All Bout U, dureeChanson=4], Chanson [idChanson=3, titre=Skandalouz, dureeChanson=4], Chanson [idChanson=4, titre=No More Pain, dureeChanson=6]]] 

2014-12-28 12:53:45,082 [main] INFO  org.jacademie.projet1.dao.ChansonDao - Finding Chanson with id : 1...
2014-12-28 12:53:45,088 [main] INFO  org.jacademie.projet1.dao.ChansonDao - Chanson found : Chanson [idChanson=1, titre=Ambitionz az a Ridah, dureeChanson=4]

2014-12-28 12:53:45,384 [main] INFO  org.jacademie.projet1.dao.ArtisteDao - Finding Artiste with id : 1...
2014-12-28 12:53:45,413 [main] INFO  org.jacademie.projet1.dao.ArtisteDao - Artiste found : Artiste [idArtiste=1, nom=2Pac, albums=[Album [idAlbum=1, nom=Me Against the World, chansons=[Chanson [idChanson=4, titre=No More Pain, dureeChanson=6], Chanson [idChanson=2, titre=All Bout U, dureeChanson=4], Chanson [idChanson=1, titre=Ambitionz az a Ridah, dureeChanson=4], Chanson [idChanson=3, titre=Skandalouz, dureeChanson=4]]], Album [idAlbum=2, nom=Thug Life, chansons=[Chanson [idChanson=6, titre=Bury Me a G, dureeChanson=4], Chanson [idChanson=7, titre=Under Pressure, dureeChanson=4], Chanson [idChanson=5, titre=Stay True, dureeChanson=3]]]]]

2014-12-28 12:53:45,414 [main] INFO  org.jacademie.projet1.dao.AlbumDao - Finding album with id : 1...
2014-12-28 12:53:45,462 [main] INFO  org.jacademie.projet1.dao.AlbumDao - Album found : Album [idAlbum=1, nom=Me Against the World, chansons=[Chanson [idChanson=4, titre=No More Pain, dureeChanson=6], Chanson [idChanson=3, titre=Skandalouz, dureeChanson=4], Chanson [idChanson=2, titre=All Bout U, dureeChanson=4], Chanson [idChanson=1, titre=Ambitionz az a Ridah, dureeChanson=4]]] 

2014-12-28 12:53:45,462 [main] INFO  org.jacademie.projet1.dao.ChansonDao - Finding Chanson with id : 2...
2014-12-28 12:53:45,466 [main] INFO  org.jacademie.projet1.dao.ChansonDao - Chanson found : Chanson [idChanson=2, titre=All Bout U, dureeChanson=4]

2014-12-28 12:53:45,698 [main] INFO  org.jacademie.projet1.dao.ArtisteDao - Finding Artiste with id : 1...
2014-12-28 12:53:45,722 [main] INFO  org.jacademie.projet1.dao.ArtisteDao - Artiste found : Artiste [idArtiste=1, nom=2Pac, albums=[Album [idAlbum=1, nom=Me Against the World, chansons=[Chanson [idChanson=1, titre=Ambitionz az a Ridah, dureeChanson=4], Chanson [idChanson=2, titre=All Bout U, dureeChanson=4], Chanson [idChanson=4, titre=No More Pain, dureeChanson=6], Chanson [idChanson=3, titre=Skandalouz, dureeChanson=4]]], Album [idAlbum=2, nom=Thug Life, chansons=[Chanson [idChanson=6, titre=Bury Me a G, dureeChanson=4], Chanson [idChanson=7, titre=Under Pressure, dureeChanson=4], Chanson [idChanson=5, titre=Stay True, dureeChanson=3]]]]]

2014-12-28 12:53:45,724 [main] INFO  org.jacademie.projet1.dao.AlbumDao - Finding album with id : 1...
2014-12-28 12:53:45,732 [main] INFO  org.jacademie.projet1.dao.AlbumDao - Album found : Album [idAlbum=1, nom=Me Against the World, chansons=[Chanson [idChanson=3, titre=Skandalouz, dureeChanson=4], Chanson [idChanson=4, titre=No More Pain, dureeChanson=6], Chanson [idChanson=2, titre=All Bout U, dureeChanson=4], Chanson [idChanson=1, titre=Ambitionz az a Ridah, dureeChanson=4]]] 

2014-12-28 12:53:45,733 [main] INFO  org.jacademie.projet1.dao.ChansonDao - Finding Chanson with id : 3...
2014-12-28 12:53:45,735 [main] INFO  org.jacademie.projet1.dao.ChansonDao - Chanson found : Chanson [idChanson=3, titre=Skandalouz, dureeChanson=4]

2014-12-28 12:53:45,961 [main] INFO  org.jacademie.projet1.dao.ArtisteDao - Finding Artiste with id : 1...
2014-12-28 12:53:45,986 [main] INFO  org.jacademie.projet1.dao.ArtisteDao - Artiste found : Artiste [idArtiste=1, nom=2Pac, albums=[Album [idAlbum=1, nom=Me Against the World, chansons=[Chanson [idChanson=3, titre=Skandalouz, dureeChanson=4], Chanson [idChanson=1, titre=Ambitionz az a Ridah, dureeChanson=4], Chanson [idChanson=4, titre=No More Pain, dureeChanson=6], Chanson [idChanson=2, titre=All Bout U, dureeChanson=4]]], Album [idAlbum=2, nom=Thug Life, chansons=[Chanson [idChanson=5, titre=Stay True, dureeChanson=3], Chanson [idChanson=6, titre=Bury Me a G, dureeChanson=4], Chanson [idChanson=7, titre=Under Pressure, dureeChanson=4]]]]]

2014-12-28 12:53:45,987 [main] INFO  org.jacademie.projet1.dao.AlbumDao - Finding album with id : 1...
2014-12-28 12:53:45,996 [main] INFO  org.jacademie.projet1.dao.AlbumDao - Album found : Album [idAlbum=1, nom=Me Against the World, chansons=[Chanson [idChanson=2, titre=All Bout U, dureeChanson=4], Chanson [idChanson=1, titre=Ambitionz az a Ridah, dureeChanson=4], Chanson [idChanson=3, titre=Skandalouz, dureeChanson=4], Chanson [idChanson=4, titre=No More Pain, dureeChanson=6]]] 

2014-12-28 12:53:45,998 [main] INFO  org.jacademie.projet1.dao.ChansonDao - Finding Chanson with id : 4...
2014-12-28 12:53:46,003 [main] INFO  org.jacademie.projet1.dao.ChansonDao - Chanson found : Chanson [idChanson=4, titre=No More Pain, dureeChanson=6]

2014-12-28 12:53:46,151 [main] INFO  org.jacademie.projet1.dao.ArtisteDao - Finding Artiste with id : 1...
2014-12-28 12:53:46,166 [main] INFO  org.jacademie.projet1.dao.ArtisteDao - Artiste found : Artiste [idArtiste=1, nom=2Pac, albums=[Album [idAlbum=1, nom=Me Against the World, chansons=[Chanson [idChanson=3, titre=Skandalouz, dureeChanson=4], Chanson [idChanson=2, titre=All Bout U, dureeChanson=4], Chanson [idChanson=1, titre=Ambitionz az a Ridah, dureeChanson=4], Chanson [idChanson=4, titre=No More Pain, dureeChanson=6]]], Album [idAlbum=2, nom=Thug Life, chansons=[Chanson [idChanson=7, titre=Under Pressure, dureeChanson=4], Chanson [idChanson=5, titre=Stay True, dureeChanson=3], Chanson [idChanson=6, titre=Bury Me a G, dureeChanson=4]]]]]

2014-12-28 12:53:46,167 [main] INFO  org.jacademie.projet1.dao.AlbumDao - Finding album with id : 2...
2014-12-28 12:53:46,172 [main] INFO  org.jacademie.projet1.dao.AlbumDao - Album found : Album [idAlbum=2, nom=Thug Life, chansons=[Chanson [idChanson=5, titre=Stay True, dureeChanson=3], Chanson [idChanson=6, titre=Bury Me a G, dureeChanson=4], Chanson [idChanson=7, titre=Under Pressure, dureeChanson=4]]] 

2014-12-28 12:53:46,172 [main] INFO  org.jacademie.projet1.dao.ChansonDao - Finding Chanson with id : 5...
2014-12-28 12:53:46,176 [main] INFO  org.jacademie.projet1.dao.ChansonDao - Chanson found : Chanson [idChanson=5, titre=Stay True, dureeChanson=3]

2014-12-28 12:53:46,369 [main] INFO  org.jacademie.projet1.dao.ArtisteDao - Finding Artiste with id : 1...
2014-12-28 12:53:46,393 [main] INFO  org.jacademie.projet1.dao.ArtisteDao - Artiste found : Artiste [idArtiste=1, nom=2Pac, albums=[Album [idAlbum=1, nom=Me Against the World, chansons=[Chanson [idChanson=3, titre=Skandalouz, dureeChanson=4], Chanson [idChanson=4, titre=No More Pain, dureeChanson=6], Chanson [idChanson=2, titre=All Bout U, dureeChanson=4], Chanson [idChanson=1, titre=Ambitionz az a Ridah, dureeChanson=4]]], Album [idAlbum=2, nom=Thug Life, chansons=[Chanson [idChanson=5, titre=Stay True, dureeChanson=3], Chanson [idChanson=7, titre=Under Pressure, dureeChanson=4], Chanson [idChanson=6, titre=Bury Me a G, dureeChanson=4]]]]]

2014-12-28 12:53:46,393 [main] INFO  org.jacademie.projet1.dao.AlbumDao - Finding album with id : 2...
2014-12-28 12:53:46,398 [main] INFO  org.jacademie.projet1.dao.AlbumDao - Album found : Album [idAlbum=2, nom=Thug Life, chansons=[Chanson [idChanson=6, titre=Bury Me a G, dureeChanson=4], Chanson [idChanson=7, titre=Under Pressure, dureeChanson=4], Chanson [idChanson=5, titre=Stay True, dureeChanson=3]]] 

2014-12-28 12:53:46,398 [main] INFO  org.jacademie.projet1.dao.ChansonDao - Finding Chanson with id : 6...
2014-12-28 12:53:46,400 [main] INFO  org.jacademie.projet1.dao.ChansonDao - Chanson found : Chanson [idChanson=6, titre=Bury Me a G, dureeChanson=4]

2014-12-28 12:53:46,608 [main] INFO  org.jacademie.projet1.dao.ArtisteDao - Finding Artiste with id : 1...
2014-12-28 12:53:46,618 [main] INFO  org.jacademie.projet1.dao.ArtisteDao - Artiste found : Artiste [idArtiste=1, nom=2Pac, albums=[Album [idAlbum=2, nom=Thug Life, chansons=[Chanson [idChanson=6, titre=Bury Me a G, dureeChanson=4], Chanson [idChanson=7, titre=Under Pressure, dureeChanson=4], Chanson [idChanson=5, titre=Stay True, dureeChanson=3]]], Album [idAlbum=1, nom=Me Against the World, chansons=[Chanson [idChanson=2, titre=All Bout U, dureeChanson=4], Chanson [idChanson=1, titre=Ambitionz az a Ridah, dureeChanson=4], Chanson [idChanson=3, titre=Skandalouz, dureeChanson=4], Chanson [idChanson=4, titre=No More Pain, dureeChanson=6]]]]]

2014-12-28 12:53:46,619 [main] INFO  org.jacademie.projet1.dao.AlbumDao - Finding album with id : 2...
2014-12-28 12:53:46,623 [main] INFO  org.jacademie.projet1.dao.AlbumDao - Album found : Album [idAlbum=2, nom=Thug Life, chansons=[Chanson [idChanson=6, titre=Bury Me a G, dureeChanson=4], Chanson [idChanson=7, titre=Under Pressure, dureeChanson=4], Chanson [idChanson=5, titre=Stay True, dureeChanson=3]]] 

2014-12-28 12:53:46,623 [main] INFO  org.jacademie.projet1.dao.ChansonDao - Finding Chanson with id : 7...
2014-12-28 12:53:46,626 [main] INFO  org.jacademie.projet1.dao.ChansonDao - Chanson found : Chanson [idChanson=7, titre=Under Pressure, dureeChanson=4]

2014-12-28 12:53:46,626 [main] INFO  org.jacademie.projet1.Main - GoodBye !
2014-12-28 12:55:53,875 [main] INFO  org.jacademie.projet1.Main - Welcome to MUSIC App !!!!!!!!!!!!!! 

2014-12-28 12:55:53,883 [main] INFO  org.jacademie.projet1.utils.FileUtils - In findFileInRepoWithGoodExtension ....
2014-12-28 12:55:53,987 [main] INFO  org.jacademie.projet1.utils.FileUtils - File found : /Users/rbo/Java-Acad-MidProject/music/fichier1.music
2014-12-28 12:55:53,987 [main] INFO  org.jacademie.projet1.utils.FileUtils - File found : /Users/rbo/Java-Acad-MidProject/music/fichier3.music
2014-12-28 12:55:53,988 [main] INFO  org.jacademie.projet1.utils.FileUtils - Bye findFileInRepoWithGoodExtension 

2014-12-28 12:55:53,988 [main] INFO  org.jacademie.projet1.utils.FileUtils - In isGoodFile function ......
2014-12-28 12:55:53,998 [main] INFO  org.jacademie.projet1.utils.FileUtils - Files to be treated : [/Users/rbo/Java-Acad-MidProject/music/fichier1.music]
2014-12-28 12:55:53,998 [main] INFO  org.jacademie.projet1.utils.FileUtils - Goodbye from isGoodFile function ! 

2014-12-28 12:55:56,382 [main] INFO  org.jacademie.projet1.dao.ArtisteDao - Finding Artiste with id : 1...
2014-12-28 12:55:56,568 [main] INFO  org.jacademie.projet1.dao.ArtisteDao - Artiste not found
2014-12-28 12:55:56,568 [main] INFO  org.jacademie.projet1.dao.ArtisteDao - Creating artiste : Artiste [idArtiste=1, nom=2Pac, albums=[Album [idAlbum=1, nom=Me Against the World, chansons=[Chanson [idChanson=1, titre=Ambitionz az a Ridah, dureeChanson=4]]]]]...
2014-12-28 12:55:56,710 [main] INFO  org.jacademie.projet1.dao.ArtisteDao - Artiste created. 

2014-12-28 12:55:57,029 [main] INFO  org.jacademie.projet1.dao.ArtisteDao - Finding Artiste with id : 1...
2014-12-28 12:55:57,080 [main] INFO  org.jacademie.projet1.dao.ArtisteDao - Artiste found : Artiste [idArtiste=1, nom=2Pac, albums=[Album [idAlbum=1, nom=Me Against the World, chansons=[Chanson [idChanson=1, titre=Ambitionz az a Ridah, dureeChanson=4]]]]]

2014-12-28 12:55:57,081 [main] INFO  org.jacademie.projet1.dao.AlbumDao - Finding album with id : 1...
2014-12-28 12:55:57,091 [main] INFO  org.jacademie.projet1.dao.AlbumDao - Album found : Album [idAlbum=1, nom=Me Against the World, chansons=[Chanson [idChanson=1, titre=Ambitionz az a Ridah, dureeChanson=4]]] 

2014-12-28 12:55:57,092 [main] INFO  org.jacademie.projet1.dao.ChansonDao - Finding Chanson with id : 2...
2014-12-28 12:55:57,094 [main] INFO  org.jacademie.projet1.dao.ChansonDao - Chanson not found
2014-12-28 12:55:57,094 [main] INFO  org.jacademie.projet1.dao.AlbumDao - Updating Album : Album [idAlbum=1, nom=Me Against the World, chansons=[Chanson [idChanson=2, titre=All Bout U, dureeChanson=4], Chanson [idChanson=1, titre=Ambitionz az a Ridah, dureeChanson=4]]]...
2014-12-28 12:55:57,114 [main] INFO  org.jacademie.projet1.dao.AlbumDao - Album updated. 

2014-12-28 12:55:57,334 [main] INFO  org.jacademie.projet1.dao.ArtisteDao - Finding Artiste with id : 1...
2014-12-28 12:55:57,352 [main] INFO  org.jacademie.projet1.dao.ArtisteDao - Artiste found : Artiste [idArtiste=1, nom=2Pac, albums=[Album [idAlbum=1, nom=Me Against the World, chansons=[Chanson [idChanson=2, titre=All Bout U, dureeChanson=4], Chanson [idChanson=1, titre=Ambitionz az a Ridah, dureeChanson=4]]]]]

2014-12-28 12:55:57,354 [main] INFO  org.jacademie.projet1.dao.AlbumDao - Finding album with id : 1...
2014-12-28 12:55:57,374 [main] INFO  org.jacademie.projet1.dao.AlbumDao - Album found : Album [idAlbum=1, nom=Me Against the World, chansons=[Chanson [idChanson=2, titre=All Bout U, dureeChanson=4], Chanson [idChanson=1, titre=Ambitionz az a Ridah, dureeChanson=4]]] 

2014-12-28 12:55:57,375 [main] INFO  org.jacademie.projet1.dao.ChansonDao - Finding Chanson with id : 3...
2014-12-28 12:55:57,394 [main] INFO  org.jacademie.projet1.dao.ChansonDao - Chanson not found
2014-12-28 12:55:57,409 [main] INFO  org.jacademie.projet1.dao.AlbumDao - Updating Album : Album [idAlbum=1, nom=Me Against the World, chansons=[Chanson [idChanson=2, titre=All Bout U, dureeChanson=4], Chanson [idChanson=3, titre=Skandalouz, dureeChanson=4], Chanson [idChanson=1, titre=Ambitionz az a Ridah, dureeChanson=4]]]...
2014-12-28 12:55:57,424 [main] INFO  org.jacademie.projet1.dao.AlbumDao - Album updated. 

2014-12-28 12:55:57,632 [main] INFO  org.jacademie.projet1.dao.ArtisteDao - Finding Artiste with id : 1...
2014-12-28 12:55:57,645 [main] INFO  org.jacademie.projet1.dao.ArtisteDao - Artiste found : Artiste [idArtiste=1, nom=2Pac, albums=[Album [idAlbum=1, nom=Me Against the World, chansons=[Chanson [idChanson=2, titre=All Bout U, dureeChanson=4], Chanson [idChanson=3, titre=Skandalouz, dureeChanson=4], Chanson [idChanson=1, titre=Ambitionz az a Ridah, dureeChanson=4]]]]]

2014-12-28 12:55:57,645 [main] INFO  org.jacademie.projet1.dao.AlbumDao - Finding album with id : 1...
2014-12-28 12:55:57,656 [main] INFO  org.jacademie.projet1.dao.AlbumDao - Album found : Album [idAlbum=1, nom=Me Against the World, chansons=[Chanson [idChanson=1, titre=Ambitionz az a Ridah, dureeChanson=4], Chanson [idChanson=3, titre=Skandalouz, dureeChanson=4], Chanson [idChanson=2, titre=All Bout U, dureeChanson=4]]] 

2014-12-28 12:55:57,656 [main] INFO  org.jacademie.projet1.dao.ChansonDao - Finding Chanson with id : 4...
2014-12-28 12:55:57,661 [main] INFO  org.jacademie.projet1.dao.ChansonDao - Chanson not found
2014-12-28 12:55:57,661 [main] INFO  org.jacademie.projet1.dao.AlbumDao - Updating Album : Album [idAlbum=1, nom=Me Against the World, chansons=[Chanson [idChanson=4, titre=No More Pain, dureeChanson=6], Chanson [idChanson=1, titre=Ambitionz az a Ridah, dureeChanson=4], Chanson [idChanson=3, titre=Skandalouz, dureeChanson=4], Chanson [idChanson=2, titre=All Bout U, dureeChanson=4]]]...
2014-12-28 12:55:57,685 [main] INFO  org.jacademie.projet1.dao.AlbumDao - Album updated. 

2014-12-28 12:55:57,923 [main] INFO  org.jacademie.projet1.dao.ArtisteDao - Finding Artiste with id : 1...
2014-12-28 12:55:57,945 [main] INFO  org.jacademie.projet1.dao.ArtisteDao - Artiste found : Artiste [idArtiste=1, nom=2Pac, albums=[Album [idAlbum=1, nom=Me Against the World, chansons=[Chanson [idChanson=3, titre=Skandalouz, dureeChanson=4], Chanson [idChanson=4, titre=No More Pain, dureeChanson=6], Chanson [idChanson=1, titre=Ambitionz az a Ridah, dureeChanson=4], Chanson [idChanson=2, titre=All Bout U, dureeChanson=4]]]]]

2014-12-28 12:55:57,945 [main] INFO  org.jacademie.projet1.dao.AlbumDao - Finding album with id : 2...
2014-12-28 12:55:57,947 [main] INFO  org.jacademie.projet1.dao.AlbumDao - Album not found
2014-12-28 12:55:57,952 [main] INFO  org.jacademie.projet1.dao.ArtisteDao - Updating artiste : Artiste [idArtiste=1, nom=2Pac, albums=[Album [idAlbum=1, nom=Me Against the World, chansons=[Chanson [idChanson=3, titre=Skandalouz, dureeChanson=4], Chanson [idChanson=4, titre=No More Pain, dureeChanson=6], Chanson [idChanson=1, titre=Ambitionz az a Ridah, dureeChanson=4], Chanson [idChanson=2, titre=All Bout U, dureeChanson=4]]], Album [idAlbum=2, nom=Thug Life, chansons=[Chanson [idChanson=5, titre=Stay True, dureeChanson=3]]]]]...
2014-12-28 12:55:57,978 [main] INFO  org.jacademie.projet1.dao.ArtisteDao - Artiste updated. 

2014-12-28 12:55:58,176 [main] INFO  org.jacademie.projet1.dao.ArtisteDao - Finding Artiste with id : 1...
2014-12-28 12:55:58,189 [main] INFO  org.jacademie.projet1.dao.ArtisteDao - Artiste found : Artiste [idArtiste=1, nom=2Pac, albums=[Album [idAlbum=1, nom=Me Against the World, chansons=[Chanson [idChanson=1, titre=Ambitionz az a Ridah, dureeChanson=4], Chanson [idChanson=3, titre=Skandalouz, dureeChanson=4], Chanson [idChanson=2, titre=All Bout U, dureeChanson=4], Chanson [idChanson=4, titre=No More Pain, dureeChanson=6]]], Album [idAlbum=2, nom=Thug Life, chansons=[Chanson [idChanson=5, titre=Stay True, dureeChanson=3]]]]]

2014-12-28 12:55:58,189 [main] INFO  org.jacademie.projet1.dao.AlbumDao - Finding album with id : 2...
2014-12-28 12:55:58,193 [main] INFO  org.jacademie.projet1.dao.AlbumDao - Album found : Album [idAlbum=2, nom=Thug Life, chansons=[Chanson [idChanson=5, titre=Stay True, dureeChanson=3]]] 

2014-12-28 12:55:58,194 [main] INFO  org.jacademie.projet1.dao.ChansonDao - Finding Chanson with id : 6...
2014-12-28 12:55:58,196 [main] INFO  org.jacademie.projet1.dao.ChansonDao - Chanson not found
2014-12-28 12:55:58,198 [main] INFO  org.jacademie.projet1.dao.AlbumDao - Updating Album : Album [idAlbum=2, nom=Thug Life, chansons=[Chanson [idChanson=6, titre=Bury Me a G, dureeChanson=4], Chanson [idChanson=5, titre=Stay True, dureeChanson=3]]]...
2014-12-28 12:55:58,214 [main] INFO  org.jacademie.projet1.dao.AlbumDao - Album updated. 

2014-12-28 12:55:58,390 [main] INFO  org.jacademie.projet1.dao.ArtisteDao - Finding Artiste with id : 1...
2014-12-28 12:55:58,410 [main] INFO  org.jacademie.projet1.dao.ArtisteDao - Artiste found : Artiste [idArtiste=1, nom=2Pac, albums=[Album [idAlbum=1, nom=Me Against the World, chansons=[Chanson [idChanson=2, titre=All Bout U, dureeChanson=4], Chanson [idChanson=1, titre=Ambitionz az a Ridah, dureeChanson=4], Chanson [idChanson=4, titre=No More Pain, dureeChanson=6], Chanson [idChanson=3, titre=Skandalouz, dureeChanson=4]]], Album [idAlbum=2, nom=Thug Life, chansons=[Chanson [idChanson=5, titre=Stay True, dureeChanson=3], Chanson [idChanson=6, titre=Bury Me a G, dureeChanson=4]]]]]

2014-12-28 12:55:58,410 [main] INFO  org.jacademie.projet1.dao.AlbumDao - Finding album with id : 2...
2014-12-28 12:55:58,419 [main] INFO  org.jacademie.projet1.dao.AlbumDao - Album found : Album [idAlbum=2, nom=Thug Life, chansons=[Chanson [idChanson=6, titre=Bury Me a G, dureeChanson=4], Chanson [idChanson=5, titre=Stay True, dureeChanson=3]]] 

2014-12-28 12:55:58,420 [main] INFO  org.jacademie.projet1.dao.ChansonDao - Finding Chanson with id : 7...
2014-12-28 12:55:58,422 [main] INFO  org.jacademie.projet1.dao.ChansonDao - Chanson not found
2014-12-28 12:55:58,422 [main] INFO  org.jacademie.projet1.dao.AlbumDao - Updating Album : Album [idAlbum=2, nom=Thug Life, chansons=[Chanson [idChanson=6, titre=Bury Me a G, dureeChanson=4], Chanson [idChanson=5, titre=Stay True, dureeChanson=3], Chanson [idChanson=7, titre=Under Pressure, dureeChanson=4]]]...
2014-12-28 12:55:58,441 [main] INFO  org.jacademie.projet1.dao.AlbumDao - Album updated. 

2014-12-28 12:55:58,443 [main] INFO  org.jacademie.projet1.Main - GoodBye !
